C51 COMPILER V9.59.0.0   ____________MAO                                                   07/29/2021 12:18:09 PAGE 1   


C51 COMPILER V9.59.0.0, COMPILATION OF MODULE ____________MAO
OBJECT MODULE PLACED IN 蓝牙控制小车mao.OBJ
COMPILER INVOKED BY: D:\Keil\C51\BIN\C51.EXE 蓝牙控制小车mao.c OPTIMIZE(8,SPEED) BROWSE DEBUG OBJECTEXTEND TABS(2)

line level    source

   1          #include "reg52.h"    //此文件中定义了单片机的一些特殊功能寄存器
   2          #include "intrins.h"
   3          typedef unsigned int u16;   //对数据类型进行声明定义
   4          typedef unsigned char u8;
   5            
   6          sbit STA=P3^2;  //蓝牙连接信号
   7          sbit dianji1g=P0^1;   //电机1运动控制端口
   8          sbit dianji1d=P0^2;   //电机1运动控制端口
   9          sbit dianji2g=P0^3;   //电机2运动控制端口
  10          sbit dianji2d=P0^4;   //电机2运动控制端口
  11          sbit dianji1sudu=P0^0;   //电机1速度控制端口(PWM)
  12          sbit dianji2sudu=P0^5;   //电机2速度控制端口(PWM)
  13          sbit deng=P2^7;
  14          
  15          void delay(u16 ii);  //延时函数声明
  16          void zhengzhuan_1();  //电机1正转
  17          void tingzhi_1(); //电机1停止
  18          void fanzhuan_1();    //电机1反转
  19          void zhengzhuan_2();  //电机2正转
  20          void tingzhi_2(); //电机2停止
  21          void fanzhuan_2();    //电机2反转
  22          
  23          void xiaoche_qianjin();  //小车前进
  24          void xiaoche_houtui();   //小车后退
  25          void xiaoche_zuozhuan();  //小车左转
  26          void xioache_youzhuan();  //小车右转
  27          void xiaoche_tingzhi();   //小车停止
  28          
  29          
  30          #define USART_MAX_RECV_LEN  40
  31          u8 USART_RX_BUF[USART_MAX_RECV_LEN];
  32          u16 USART_RX_STA=0; 
  33          
  34          void delay(u16 ii)
  35          {
  36   1        while(ii--);
  37   1      }
  38          
  39          void UsartInit()
  40          {
  41   1        SCON=0X50;      //设置为工作方式1
  42   1        TMOD=0X20;      //设置计数器工作方式2
  43   1        PCON=0X80;      //波特率加倍
  44   1        TH1=0XFa;     //计数器初始值设置，注意波特率是9600的
  45   1        TL1=0XFa;
  46   1        ES=1;           //打开接收中断
  47   1        EA=1;           //打开总中断
  48   1        TR1=1;          //打开计数器
  49   1      }
  50          
  51          void USART_SendData(u8 datbuf[])
  52          {
  53   1        u8 i=0;
  54   1        for(i=0;i<2;i++)
  55   1        {
C51 COMPILER V9.59.0.0   ____________MAO                                                   07/29/2021 12:18:09 PAGE 2   

  56   2          SBUF=datbuf[i];//将接收到的数据放入到发送寄存器
  57   2          while(!TI);//等待发送数据完成
  58   2          TI=0;//清除发送完成标志位 
  59   2        }
  60   1      }
  61          
  62          void main()
  63          { u16 kk=100;
  64   1        u8 i=0,j=0;
  65   1        u16 sudu=0;
  66   1        STA=0;
  67   1        delay(100);
  68   1        P0=0x00;  //屏蔽数码管
  69   1        UsartInit();  //串口初始化
  70   1        dianji1sudu=1;      ////////////////////////////////
  71   1        dianji2sudu=1;      /////////////////////////////////
  72   1        while(1)
  73   1      {       
  74   2      //      dianji1sudu=1;
  75   2      //      dianji2sudu=1;
  76   2      //    delay(10000+sudu);
  77   2      //    dianji1sudu=0;
  78   2      //    dianji2sudu=0; 
  79   2      //    delay(10000-sudu);  
  80   2          
  81   2          if(USART_RX_BUF[0]==0x34)     //小车后退
  82   2          { 
  83   3            xiaoche_qianjin();
  84   3            if(kk!=0){
  85   4            USART_SendData("H");
  86   4            }
  87   3            kk=0;
  88   3          }
  89   2          else if(USART_RX_BUF[0]==0x33)     //小车前进
  90   2          { 
  91   3            xiaoche_houtui();
  92   3            if(kk!=1)
  93   3            {
  94   4            USART_SendData("Q");
  95   4            }
  96   3            kk=1;
  97   3          }
  98   2            else if(USART_RX_BUF[0]==0x32)     //小车右转
  99   2          {
 100   3            
 101   3            xiaoche_zuozhuan();
 102   3            if(kk!=2)
 103   3            USART_SendData("Y");
 104   3            kk=2;
 105   3          }
 106   2          else if(USART_RX_BUF[0]==0x31)     //小车左转
 107   2          {
 108   3            xioache_youzhuan();
 109   3            if(kk!=3)
 110   3            USART_SendData("Z");
 111   3            kk=3;
 112   3          }
 113   2            else if(USART_RX_BUF[0]==0x30)     //小车停止
 114   2          {
 115   3            xiaoche_tingzhi();
 116   3            if(kk!=4)
 117   3            USART_SendData("T");
C51 COMPILER V9.59.0.0   ____________MAO                                                   07/29/2021 12:18:09 PAGE 3   

 118   3            kk=4;
 119   3          }
 120   2      
 121   2      
 122   2          if(USART_RX_BUF[0]==0x13)  //彩灯灭
 123   2          {
 124   3              deng=1;
 125   3            if(kk!=5)
 126   3            USART_SendData("M");
 127   3            kk=5;
 128   3          }
 129   2          else if(USART_RX_BUF[0]==0x12)    //彩灯亮
 130   2          {
 131   3            deng=0;
 132   3            if(kk!=6){
 133   4            USART_SendData("L");
 134   4            }
 135   3            kk=6;
 136   3          }
 137   2      //    else if(USART_RX_BUF[0]==0x11)    //小车加速
 138   2      //    {
 139   2      //      delay(5000);
 140   2      //      if(10000>sudu)
 141   2      //      {
 142   2      //      sudu=sudu+2000; 
 143   2      //      }
 144   2      //      USART_SendData(USART_RX_BUF);
 145   2      //    }
 146   2      //      if(USART_RX_BUF[0]==0x10)     //小车减速
 147   2      //    {
 148   2      //      delay(5000);
 149   2      //      if(sudu>0)
 150   2      //      {
 151   2      //        sudu=sudu-2000; 
 152   2      //      }
 153   2      //      USART_SendData(USART_RX_BUF);
 154   2      //    }
 155   2        }   
 156   1      }
 157          
 158          void Usart() interrupt 4
 159          {
 160   1        u8 res;
 161   1        res=SBUF;
 162   1        USART_RX_BUF[0]=res;
 163   1        RI = 0;//清除接收中断标志位              
 164   1      }
 165          
 166          
 167          //void diwei2gaowei(){   //启动第二个
 168          
 169          
 170          //}
 171          void zhengzhuan_1()  //电机1正转
 172          {     dianji1g=1;
 173   1          dianji1d=0;
 174   1          delay(5000);
 175   1      }
 176          void tingzhi_1()   //电机1停止
 177          { 
 178   1            dianji1g=1;
 179   1          dianji1d=1;
C51 COMPILER V9.59.0.0   ____________MAO                                                   07/29/2021 12:18:09 PAGE 4   

 180   1          delay(50);
 181   1      } 
 182          void fanzhuan_1()   //电机1反转
 183          {
 184   1              dianji1g=0;
 185   1          dianji1d=1;
 186   1          delay(50);
 187   1      }
 188          void zhengzhuan_2()  //电机2正转
 189          {   dianji2g=1;
 190   1          dianji2d=0;
 191   1        delay(50);
 192   1      }
 193          void tingzhi_2()  //电机2停止
 194          { dianji2g=1;
 195   1          dianji2d=1;
 196   1        delay(50);
 197   1      }
 198          void fanzhuan_2()   //电机2反转
 199          {  dianji2g=0;
 200   1           dianji2d=1;
 201   1         delay(50);
 202   1      }
 203          
 204          void xiaoche_qianjin()   //小车前进
 205          {  
 206   1        zhengzhuan_1();
 207   1        zhengzhuan_2();
 208   1      }
 209          void xiaoche_houtui()  //小车后退 
 210          {
 211   1        fanzhuan_1();
 212   1        fanzhuan_2();
 213   1      }
 214          
 215          void xiaoche_zuozhuan()  //小车左转
 216          {
 217   1         zhengzhuan_1();
 218   1         fanzhuan_2();
 219   1      }
 220          void xioache_youzhuan()  //小车右转
 221          {
 222   1           zhengzhuan_2();
 223   1         fanzhuan_1();
 224   1      }
 225          void xiaoche_tingzhi()  //小车停止
 226          {
 227   1         tingzhi_1();
 228   1         tingzhi_2();
 229   1      }
 230          
 231          


MODULE INFORMATION:   STATIC OVERLAYABLE
   CODE SIZE        =    463    ----
   CONSTANT SIZE    =     14    ----
   XDATA SIZE       =   ----    ----
   PDATA SIZE       =   ----    ----
   DATA SIZE        =     42       9
   IDATA SIZE       =   ----    ----
   BIT SIZE         =   ----    ----
C51 COMPILER V9.59.0.0   ____________MAO                                                   07/29/2021 12:18:09 PAGE 5   

END OF MODULE INFORMATION.


C51 COMPILATION COMPLETE.  0 WARNING(S),  0 ERROR(S)
